2019-04-17T16:00:26.382789Z 0 [Warning] TIMESTAMP with implicit DEFAULT value is deprecated. Please use --explicit_defaults_for_timestamp server option (see documentation for more details).
2019-04-17T16:00:26.383140Z 0 [Note] /usr/sbin/mysqld (mysqld 5.7.23) starting as process 30 ...
2019-04-17T16:00:26.389670Z 0 [Note] InnoDB: PUNCH HOLE support available
2019-04-17T16:00:26.389700Z 0 [Note] InnoDB: Mutexes and rw_locks use GCC atomic builtins
2019-04-17T16:00:26.389705Z 0 [Note] InnoDB: Uses event mutexes
2019-04-17T16:00:26.389709Z 0 [Note] InnoDB: GCC builtin __atomic_thread_fence() is used for memory barrier
2019-04-17T16:00:26.389713Z 0 [Note] InnoDB: Compressed tables use zlib 1.2.3
2019-04-17T16:00:26.389716Z 0 [Note] InnoDB: Using Linux native AIO
2019-04-17T16:00:26.389918Z 0 [Note] InnoDB: Number of pools: 1
2019-04-17T16:00:26.390136Z 0 [Note] InnoDB: Using CPU crc32 instructions
2019-04-17T16:00:26.391682Z 0 [Note] InnoDB: Initializing buffer pool, total size = 32M, instances = 1, chunk size = 32M
2019-04-17T16:00:26.393658Z 0 [Note] InnoDB: Completed initialization of buffer pool
2019-04-17T16:00:26.401240Z 0 [Note] InnoDB: If the mysqld execution user is authorized, page cleaner thread priority can be changed. See the man page of setpriority().
2019-04-17T16:00:26.407030Z 0 [Note] InnoDB: Highest supported file format is Barracuda.
2019-04-17T16:00:26.407668Z 0 [Note] InnoDB: Log scan progressed past the checkpoint lsn 2588963
2019-04-17T16:00:26.407694Z 0 [Note] InnoDB: Doing recovery: scanned up to log sequence number 2591784
2019-04-17T16:00:26.408207Z 0 [Note] InnoDB: Database was not shutdown normally!
2019-04-17T16:00:26.408221Z 0 [Note] InnoDB: Starting crash recovery.
2019-04-17T16:00:26.676110Z 0 [Note] InnoDB: Starting an apply batch of log records to the database...
InnoDB: Progress in percent: 16 17 18 19 20 21 22 23 24 25 26 27 28 29 30 31 32 33 34 35 36 37 38 39 40 41 42 43 44 45 46 47 48 49 50 51 52 53 54 55 56 57 58 59 60 61 62 63 64 65 66 67 68 69 70 71 72 73 74 75 76 77 78 79 80 81 82 83 84 85 86 87 88 89 90 91 92 93 94 95 96 97 98 99 
2019-04-17T16:00:26.687029Z 0 [Note] InnoDB: Apply batch completed
2019-04-17T16:00:26.790121Z 0 [Note] InnoDB: Removed temporary tablespace data file: "ibtmp1"
2019-04-17T16:00:26.790147Z 0 [Note] InnoDB: Creating shared tablespace for temporary tables
2019-04-17T16:00:26.790235Z 0 [Note] InnoDB: Setting file './ibtmp1' size to 12 MB. Physically writing the file full; Please wait ...
2019-04-17T16:00:26.861203Z 0 [Note] InnoDB: File './ibtmp1' size is now 12 MB.
2019-04-17T16:00:26.862269Z 0 [Note] InnoDB: 96 redo rollback segment(s) found. 96 redo rollback segment(s) are active.
2019-04-17T16:00:26.862297Z 0 [Note] InnoDB: 32 non-redo rollback segment(s) are active.
2019-04-17T16:00:26.862991Z 0 [Note] InnoDB: Waiting for purge to start
2019-04-17T16:00:26.913635Z 0 [Note] InnoDB: 5.7.23 started; log sequence number 2591784
2019-04-17T16:00:26.913981Z 0 [Note] Plugin 'FEDERATED' is disabled.
2019-04-17T16:00:26.915026Z 0 [Warning] Failed to set up SSL because of the following SSL library error: SSL context is not usable without certificate and private key
2019-04-17T16:00:26.915043Z 0 [Note] Server hostname (bind-address): '*'; port: 3306
2019-04-17T16:00:26.915081Z 0 [Note] IPv6 is available.
2019-04-17T16:00:26.915090Z 0 [Note]   - '::' resolves to '::';
2019-04-17T16:00:26.915096Z 0 [Note] Server socket created on IP: '::'.
2019-04-17T16:00:26.918463Z 0 [Warning] Insecure configuration for --pid-file: Location '/var/run/mysqld' in the path is accessible to all OS users. Consider choosing a different directory.
2019-04-17T16:00:26.921570Z 0 [Note] InnoDB: Loading buffer pool(s) from /var/lib/mysql/ib_buffer_pool
2019-04-17T16:00:26.923125Z 0 [Note] InnoDB: Buffer pool(s) load completed at 190417 16:00:26
2019-04-17T16:00:26.932080Z 0 [ERROR] /usr/sbin/mysqld: Table './mysql/user' is marked as crashed and should be repaired
2019-04-17T16:00:26.932246Z 0 [Warning] Checking table:   './mysql/user'
2019-04-17T16:00:26.932260Z 0 [ERROR] 1 client is using or hasn't closed the table properly
2019-04-17T16:00:26.933444Z 0 [Warning] 'user' entry 'root@localhost' ignored in --skip-name-resolve mode.
2019-04-17T16:00:26.933487Z 0 [Warning] 'user' entry 'mysql.session@localhost' ignored in --skip-name-resolve mode.
2019-04-17T16:00:26.933501Z 0 [Warning] 'user' entry 'mysql.sys@localhost' ignored in --skip-name-resolve mode.
2019-04-17T16:00:26.933531Z 0 [Warning] 'db' entry 'performance_schema mysql.session@localhost' ignored in --skip-name-resolve mode.
2019-04-17T16:00:26.933697Z 0 [Warning] 'db' entry 'sys mysql.sys@localhost' ignored in --skip-name-resolve mode.
2019-04-17T16:00:26.933990Z 0 [Warning] 'proxies_priv' entry '@ root@localhost' ignored in --skip-name-resolve mode.
2019-04-17T16:00:26.938950Z 0 [Warning] 'tables_priv' entry 'user mysql.session@localhost' ignored in --skip-name-resolve mode.
2019-04-17T16:00:26.938979Z 0 [Warning] 'tables_priv' entry 'sys_config mysql.sys@localhost' ignored in --skip-name-resolve mode.
2019-04-17T16:00:26.977201Z 0 [Note] Event Scheduler: Loaded 0 events
2019-04-17T16:00:26.980380Z 0 [Note] /usr/sbin/mysqld: ready for connections.
Version: '5.7.23'  socket: '/var/run/mysqld/mysqld.sock'  port: 3306  MySQL Community Server (GPL)
2019-04-17T16:00:32.337788Z 4 [ERROR] /usr/sbin/mysqld: Table './mysql/proc' is marked as crashed and should be repaired
2019-04-17T16:00:32.338698Z 4 [Warning] Checking table:   './mysql/proc'
2019-04-17T16:00:32.378854Z 6 [Warning] 'user' entry 'root@localhost' ignored in --skip-name-resolve mode.
2019-04-17T16:00:32.378900Z 6 [Warning] 'user' entry 'mysql.session@localhost' ignored in --skip-name-resolve mode.
2019-04-17T16:00:32.378918Z 6 [Warning] 'user' entry 'mysql.sys@localhost' ignored in --skip-name-resolve mode.
2019-04-17T16:00:32.378952Z 6 [Warning] 'db' entry 'performance_schema mysql.session@localhost' ignored in --skip-name-resolve mode.
2019-04-17T16:00:32.378961Z 6 [Warning] 'db' entry 'sys mysql.sys@localhost' ignored in --skip-name-resolve mode.
2019-04-17T16:00:32.378978Z 6 [Warning] 'proxies_priv' entry '@ root@localhost' ignored in --skip-name-resolve mode.
2019-04-17T16:00:32.379229Z 6 [Warning] 'tables_priv' entry 'user mysql.session@localhost' ignored in --skip-name-resolve mode.
2019-04-17T16:00:32.379249Z 6 [Warning] 'tables_priv' entry 'sys_config mysql.sys@localhost' ignored in --skip-name-resolve mode.
2019-04-18T05:41:34.361501Z 0 [Note] InnoDB: page_cleaner: 1000ms intended loop took 44040521ms. The settings might not be optimal. (flushed=0 and evicted=0, during the time.)
2019-04-18T07:04:10.548231Z 0 [Note] InnoDB: page_cleaner: 1000ms intended loop took 548092ms. The settings might not be optimal. (flushed=0 and evicted=0, during the time.)
2019-04-18T09:38:56.267371Z 0 [Note] InnoDB: page_cleaner: 1000ms intended loop took 8454129ms. The settings might not be optimal. (flushed=0 and evicted=0, during the time.)
2019-04-18T09:40:12.934011Z 0 [Note] Giving 0 client threads a chance to die gracefully
2019-04-18T09:40:12.935670Z 0 [Note] Shutting down slave threads
2019-04-18T09:40:12.935712Z 0 [Note] Forcefully disconnecting 0 remaining clients
2019-04-18T09:40:12.935752Z 0 [Note] Event Scheduler: Purging the queue. 0 events
2019-04-18T09:40:12.935928Z 0 [Note] Binlog end
2019-04-18T09:40:12.948040Z 0 [Note] Shutting down plugin 'ngram'
2019-04-18T09:40:12.949208Z 0 [Note] Shutting down plugin 'partition'
2019-04-18T09:40:12.949265Z 0 [Note] Shutting down plugin 'BLACKHOLE'
2019-04-18T09:40:12.949282Z 0 [Note] Shutting down plugin 'ARCHIVE'
2019-04-18T09:40:12.949292Z 0 [Note] Shutting down plugin 'PERFORMANCE_SCHEMA'
2019-04-18T09:40:12.951727Z 0 [Note] Shutting down plugin 'MRG_MYISAM'
2019-04-18T09:40:12.951780Z 0 [Note] Shutting down plugin 'MyISAM'
2019-04-18T09:40:12.951807Z 0 [Note] Shutting down plugin 'INNODB_SYS_VIRTUAL'
2019-04-18T09:40:12.951819Z 0 [Note] Shutting down plugin 'INNODB_SYS_DATAFILES'
2019-04-18T09:40:12.951826Z 0 [Note] Shutting down plugin 'INNODB_SYS_TABLESPACES'
2019-04-18T09:40:12.951833Z 0 [Note] Shutting down plugin 'INNODB_SYS_FOREIGN_COLS'
2019-04-18T09:40:12.951852Z 0 [Note] Shutting down plugin 'INNODB_SYS_FOREIGN'
2019-04-18T09:40:12.951860Z 0 [Note] Shutting down plugin 'INNODB_SYS_FIELDS'
2019-04-18T09:40:12.951867Z 0 [Note] Shutting down plugin 'INNODB_SYS_COLUMNS'
2019-04-18T09:40:12.951874Z 0 [Note] Shutting down plugin 'INNODB_SYS_INDEXES'
2019-04-18T09:40:12.951881Z 0 [Note] Shutting down plugin 'INNODB_SYS_TABLESTATS'
2019-04-18T09:40:12.951889Z 0 [Note] Shutting down plugin 'INNODB_SYS_TABLES'
2019-04-18T09:40:12.951896Z 0 [Note] Shutting down plugin 'INNODB_FT_INDEX_TABLE'
2019-04-18T09:40:12.951904Z 0 [Note] Shutting down plugin 'INNODB_FT_INDEX_CACHE'
2019-04-18T09:40:12.951911Z 0 [Note] Shutting down plugin 'INNODB_FT_CONFIG'
2019-04-18T09:40:12.951919Z 0 [Note] Shutting down plugin 'INNODB_FT_BEING_DELETED'
2019-04-18T09:40:12.951926Z 0 [Note] Shutting down plugin 'INNODB_FT_DELETED'
2019-04-18T09:40:12.951934Z 0 [Note] Shutting down plugin 'INNODB_FT_DEFAULT_STOPWORD'
2019-04-18T09:40:12.951941Z 0 [Note] Shutting down plugin 'INNODB_METRICS'
2019-04-18T09:40:12.951948Z 0 [Note] Shutting down plugin 'INNODB_TEMP_TABLE_INFO'
2019-04-18T09:40:12.951955Z 0 [Note] Shutting down plugin 'INNODB_BUFFER_POOL_STATS'
2019-04-18T09:40:12.951963Z 0 [Note] Shutting down plugin 'INNODB_BUFFER_PAGE_LRU'
2019-04-18T09:40:12.951970Z 0 [Note] Shutting down plugin 'INNODB_BUFFER_PAGE'
2019-04-18T09:40:12.951977Z 0 [Note] Shutting down plugin 'INNODB_CMP_PER_INDEX_RESET'
2019-04-18T09:40:12.951985Z 0 [Note] Shutting down plugin 'INNODB_CMP_PER_INDEX'
2019-04-18T09:40:12.951992Z 0 [Note] Shutting down plugin 'INNODB_CMPMEM_RESET'
2019-04-18T09:40:12.951999Z 0 [Note] Shutting down plugin 'INNODB_CMPMEM'
2019-04-18T09:40:12.952007Z 0 [Note] Shutting down plugin 'INNODB_CMP_RESET'
2019-04-18T09:40:12.952014Z 0 [Note] Shutting down plugin 'INNODB_CMP'
2019-04-18T09:40:12.952022Z 0 [Note] Shutting down plugin 'INNODB_LOCK_WAITS'
2019-04-18T09:40:12.952029Z 0 [Note] Shutting down plugin 'INNODB_LOCKS'
2019-04-18T09:40:12.952037Z 0 [Note] Shutting down plugin 'INNODB_TRX'
2019-04-18T09:40:12.952044Z 0 [Note] Shutting down plugin 'InnoDB'
2019-04-18T09:40:12.952547Z 0 [Note] InnoDB: FTS optimize thread exiting.
2019-04-18T09:40:12.958875Z 0 [Note] InnoDB: Starting shutdown...
2019-04-18T09:40:13.060287Z 0 [Note] InnoDB: Dumping buffer pool(s) to /var/lib/mysql/ib_buffer_pool
2019-04-18T09:40:13.065120Z 0 [Note] InnoDB: Buffer pool(s) dump completed at 190418  9:40:13
2019-04-18T09:40:14.294837Z 0 [Note] InnoDB: Shutdown completed; log sequence number 5821430
2019-04-18T09:40:14.296295Z 0 [Note] InnoDB: Removed temporary tablespace data file: "ibtmp1"
2019-04-18T09:40:14.296490Z 0 [Note] Shutting down plugin 'MEMORY'
2019-04-18T09:40:14.296516Z 0 [Note] Shutting down plugin 'CSV'
2019-04-18T09:40:14.296530Z 0 [Note] Shutting down plugin 'sha256_password'
2019-04-18T09:40:14.296538Z 0 [Note] Shutting down plugin 'mysql_native_password'
2019-04-18T09:40:14.296840Z 0 [Note] Shutting down plugin 'binlog'
2019-04-18T09:40:14.302742Z 0 [Note] /usr/sbin/mysqld: Shutdown complete

